<?xml version="1.0" encoding="UTF-8"?>
<!-- Generated by org.testng.reporters.JUnitXMLReporter -->
<testsuite ignored="4" hostname="DESKTOP-KIR9NKS" failures="0" tests="0" time="0.001" errors="0" timestamp="2021-06-14T12:44:05 IST">
  <testcase classname="TestCases.TC05_Mobile_Basics" name="verifyDisplaysPopupTest" time="0.0">
    <ignored/>
  </testcase> <!-- verifyDisplaysPopupTest -->
  <testcase classname="TestCases.TC05_Mobile_Basics" name="verifyTypeAndUnhandledExceptionTest" time="0.0">
    <ignored/>
  </testcase> <!-- verifyTypeAndUnhandledExceptionTest -->
  <testcase classname="TestCases.TC05_Mobile_Basics" name="verifyUnhandledExceptionTest" time="0.0">
    <ignored/>
  </testcase> <!-- verifyUnhandledExceptionTest -->
  <testcase classname="TestCases.TC05_Mobile_Basics" name="verifyDisplaysAToastTest" time="0.0">
    <ignored/>
  </testcase> <!-- verifyDisplaysAToastTest -->
</testsuite>
